<?xml version="1.0" encoding="UTF-8"?>
<!-- Generated by org.testng.reporters.JUnitReportReporter -->
<testsuite skipped="0" hostname="dell" name="demo.TestNGGroupsDemo" tests="4" failures="0" timestamp="07 Jul 2020 19:13:39 GMT" time="0.015" errors="0">
  <testcase name="test4" time="0.000" classname="demo.TestNGGroupsDemo"/>
  <testcase name="test3" time="0.000" classname="demo.TestNGGroupsDemo"/>
  <testcase name="test1" time="0.015" classname="demo.TestNGGroupsDemo"/>
  <testcase name="test2" time="0.000" classname="demo.TestNGGroupsDemo"/>
</testsuite> <!-- demo.TestNGGroupsDemo -->
