<?xml version="1.0" encoding="UTF-8"?>
<!-- Generated by org.testng.reporters.JUnitReportReporter -->
<testsuite skipped="0" hostname="dell" name="test.Test1_GoogleSearch_TestNG_Demo" tests="1" failures="0" timestamp="21 Jun 2020 22:47:25 GMT" time="5.117" errors="0">
  <testcase name="googleSearch" time="5.117" classname="test.Test1_GoogleSearch_TestNG_Demo"/>
</testsuite> <!-- test.Test1_GoogleSearch_TestNG_Demo -->
