<?xml version="1.0" encoding="UTF-8"?>
<!-- Generated by org.testng.reporters.JUnitReportReporter -->
<testsuite skipped="0" hostname="dell" name="TestNGClasses.TestCase1" tests="1" failures="0" timestamp="06 Jul 2020 09:04:13 GMT" time="0.083" errors="0">
  <testcase name="testFB" time="0.083" classname="TestNGClasses.TestCase1"/>
</testsuite> <!-- TestNGClasses.TestCase1 -->
