<?xml version="1.0" encoding="UTF-8"?>
<!-- Generated by org.testng.reporters.JUnitReportReporter -->
<testsuite skipped="0" hostname="dell" name="dzung2.Module2" tests="2" failures="0" timestamp="26 Sep 2020 08:27:33 GMT" time="0.004" errors="0">
  <testcase name="WebLoginCarLoan" time="0.002" classname="dzung2.Module2"/>
  <testcase name="APILoginCarLoan" time="0.002" classname="dzung2.Module2"/>
</testsuite> <!-- dzung2.Module2 -->
