<?xml version="1.0" encoding="UTF-8"?>
<!-- Generated by org.testng.reporters.JUnitReportReporter -->
<testsuite skipped="0" hostname="dell" name="dzung.MyTestClass2" tests="4" failures="0" timestamp="26 Sep 2020 05:22:31 GMT" time="0.018" errors="0">
  <testcase name="myTestMethod4" time="0.004" classname="dzung.MyTestClass2"/>
  <testcase name="myTestMethod4" time="0.004" classname="dzung.MyTestClass2"/>
  <testcase name="myTestMethod3" time="0.008" classname="dzung.MyTestClass2"/>
  <testcase name="myTestMethod3" time="0.002" classname="dzung.MyTestClass2"/>
</testsuite> <!-- dzung.MyTestClass2 -->
