<?xml version="1.0" encoding="UTF-8"?>
<!-- Generated by org.testng.reporters.JUnitReportReporter -->
<testsuite skipped="0" hostname="dell" name="test.TestNG_Demo2" tests="2" failures="0" timestamp="19 Sep 2020 02:54:36 GMT" time="5.227" errors="0">
  <testcase name="googleSearch3" time="1.974" classname="test.TestNG_Demo2"/>
  <testcase name="googleSearch2" time="3.253" classname="test.TestNG_Demo2"/>
</testsuite> <!-- test.TestNG_Demo2 -->
