<?xml version="1.0" encoding="UTF-8"?>
<!-- Generated by org.testng.reporters.JUnitReportReporter -->
<testsuite skipped="0" hostname="dell" name="demo.TestNGMultiBrowserDemo" tests="3" failures="0" timestamp="01 Aug 2020 04:40:15 GMT" time="47.463" errors="0">
  <testcase name="test1" time="12.230" classname="demo.TestNGMultiBrowserDemo"/>
  <testcase name="test1" time="8.715" classname="demo.TestNGMultiBrowserDemo"/>
  <testcase name="test1" time="26.518" classname="demo.TestNGMultiBrowserDemo"/>
</testsuite> <!-- demo.TestNGMultiBrowserDemo -->
