<?xml version="1.0" encoding="UTF-8"?>
<!-- Generated by org.testng.reporters.JUnitReportReporter -->
<testsuite skipped="0" hostname="dell" name="demo.Test1" tests="1" failures="0" timestamp="09 Jul 2020 02:51:57 GMT" time="7.768" errors="0">
  <testcase name="test1" time="7.768" classname="demo.Test1"/>
</testsuite> <!-- demo.Test1 -->
