<?xml version="1.0" encoding="UTF-8"?>
<!-- Generated by org.testng.reporters.JUnitReportReporter -->
<testsuite skipped="1" hostname="dell" name="dzung2.Module1" tests="2" failures="0" timestamp="26 Sep 2020 08:27:33 GMT" time="0.011" errors="0">
  <testcase name="test2" time="0.011" classname="dzung2.Module1"/>
  <testcase name="test1" classname="dzung2.Module1">
    <skipped/>
  </testcase> <!-- test1 -->
</testsuite> <!-- dzung2.Module1 -->
