<?xml version="1.0" encoding="UTF-8"?>
<!-- Generated by org.testng.reporters.JUnitReportReporter -->
<testsuite skipped="0" hostname="dell" name="com.rameshshoft.listeners1.TestC" tests="1" failures="0" timestamp="08 Jul 2020 08:33:33 GMT" time="0.006" errors="0">
  <testcase name="compose" time="0.006" classname="com.rameshshoft.listeners1.TestC"/>
</testsuite> <!-- com.rameshshoft.listeners1.TestC -->
