<?xml version="1.0" encoding="UTF-8"?>
<!-- Generated by org.testng.reporters.JUnitReportReporter -->
<testsuite skipped="0" hostname="dell" name="dzung1.Test1" tests="1" failures="0" timestamp="26 Sep 2020 06:47:47 GMT" time="0.013" errors="0">
  <testcase name="testPrintMessage" time="0.013" classname="dzung1.Test1"/>
</testsuite> <!-- dzung1.Test1 -->
