<?xml version="1.0" encoding="UTF-8"?>
<!-- Generated by org.testng.reporters.JUnitReportReporter -->
<testsuite skipped="0" hostname="dell" name="demo.TestCase2" tests="1" failures="0" timestamp="27 Jul 2020 00:28:42 GMT" time="1.926" errors="0">
  <testcase name="googleSearch" time="1.926" classname="demo.TestCase2"/>
</testsuite> <!-- demo.TestCase2 -->
