<?xml version="1.0" encoding="UTF-8"?>
<!-- Generated by org.testng.reporters.JUnitReportReporter -->
<testsuite skipped="0" hostname="dell" name="test.ExtentReportsDemoWithTestNG" tests="2" failures="0" timestamp="19 Sep 2020 01:17:52 GMT" time="1.862" errors="0">
  <testcase name="test2" time="0.004" classname="test.ExtentReportsDemoWithTestNG"/>
  <testcase name="test1" time="1.858" classname="test.ExtentReportsDemoWithTestNG"/>
</testsuite> <!-- test.ExtentReportsDemoWithTestNG -->
