<?xml version="1.0" encoding="UTF-8"?>
<!-- Generated by org.testng.reporters.JUnitReportReporter -->
<testsuite skipped="0" hostname="dell" name="com.rameshsoft.selenium.listeners2.FailedTestOne" tests="1" failures="0" timestamp="08 Jul 2020 08:15:08 GMT" time="0.017" errors="0">
  <testcase name="logout" time="0.017" classname="com.rameshsoft.selenium.listeners2.FailedTestOne"/>
</testsuite> <!-- com.rameshsoft.selenium.listeners2.FailedTestOne -->
