<?xml version="1.0" encoding="UTF-8"?>
<!-- Generated by org.testng.reporters.JUnitReportReporter -->
<testsuite skipped="0" hostname="dell" name="demo.TestNGPriorityDemo" tests="3" failures="0" timestamp="05 Jul 2020 01:21:15 GMT" time="0.016" errors="0">
  <testcase name="test3" time="0.011" classname="demo.TestNGPriorityDemo"/>
  <testcase name="test1" time="0.002" classname="demo.TestNGPriorityDemo"/>
  <testcase name="test2" time="0.003" classname="demo.TestNGPriorityDemo"/>
</testsuite> <!-- demo.TestNGPriorityDemo -->
