<?xml version="1.0" encoding="UTF-8"?>
<!-- Generated by org.testng.reporters.JUnitReportReporter -->
<testsuite skipped="1" hostname="dell" name="demo.TestNGIgnoreDemo" tests="2" failures="0" timestamp="05 Jul 2020 00:53:19 GMT" time="0.010" errors="0">
  <testcase name="test2" time="0.010" classname="demo.TestNGIgnoreDemo"/>
  <testcase name="test1" classname="demo.TestNGIgnoreDemo">
    <skipped/>
  </testcase> <!-- test1 -->
</testsuite> <!-- demo.TestNGIgnoreDemo -->
