<?xml version="1.0" encoding="UTF-8"?>
<!-- Generated by org.testng.reporters.JUnitReportReporter -->
<testsuite skipped="0" hostname="dell" name="test.TestNG_Demo" tests="1" failures="0" timestamp="25 Sep 2020 00:17:39 GMT" time="3.797" errors="0">
  <testcase name="googleSearch" time="3.797" classname="test.TestNG_Demo"/>
</testsuite> <!-- test.TestNG_Demo -->
