<?xml version="1.0" encoding="UTF-8"?>
<!-- Generated by org.testng.reporters.JUnitReportReporter -->
<testsuite skipped="0" hostname="dell" name="TestNGClasses.TestCase2" tests="1" failures="0" timestamp="06 Jul 2020 09:04:14 GMT" time="0.002" errors="0">
  <testcase name="testTwitter" time="0.002" classname="TestNGClasses.TestCase2"/>
</testsuite> <!-- TestNGClasses.TestCase2 -->
