<?xml version="1.0" encoding="UTF-8"?>
<!-- Generated by org.testng.reporters.JUnitReportReporter -->
<testsuite skipped="0" hostname="dell" name="demo.TestCase1" tests="2" failures="0" timestamp="27 Jul 2020 04:06:03 GMT" time="8.414" errors="0">
  <testcase name="verfifyLogin" time="3.861" classname="demo.TestCase1"/>
  <testcase name="verfifyLogin" time="4.553" classname="demo.TestCase1"/>
</testsuite> <!-- demo.TestCase1 -->
