<?xml version="1.0" encoding="UTF-8"?>
<!-- Generated by org.testng.reporters.JUnitReportReporter -->
<testsuite skipped="0" hostname="dell" name="utils.ExcelDataProvider" tests="3" failures="0" timestamp="01 Jul 2020 09:18:28 GMT" time="8.959" errors="0">
  <testcase name="test1" time="3.620" classname="utils.ExcelDataProvider"/>
  <testcase name="test1" time="2.636" classname="utils.ExcelDataProvider"/>
  <testcase name="test1" time="2.703" classname="utils.ExcelDataProvider"/>
</testsuite> <!-- utils.ExcelDataProvider -->
