<?xml version="1.0" encoding="UTF-8"?>
<!-- Generated by org.testng.reporters.JUnitReportReporter -->
<testsuite skipped="0" hostname="dell" name="demo.testJenkins" tests="1" failures="0" timestamp="22 Jul 2020 06:28:10 GMT" time="9.862" errors="0">
  <testcase name="test" time="9.862" classname="demo.testJenkins"/>
</testsuite> <!-- demo.testJenkins -->
