<?xml version="1.0" encoding="UTF-8"?>
<!-- Generated by org.testng.reporters.JUnitReportReporter -->
<testsuite skipped="0" hostname="dell" name="dzung.MyTestClass1" tests="2" failures="0" timestamp="26 Sep 2020 05:22:31 GMT" time="0.005" errors="0">
  <testcase name="myTestMethod1" time="0.001" classname="dzung.MyTestClass1"/>
  <testcase name="myTestMethod2" time="0.004" classname="dzung.MyTestClass1"/>
</testsuite> <!-- dzung.MyTestClass1 -->
