<?xml version="1.0" encoding="UTF-8"?>
<!-- Generated by org.testng.reporters.JUnitReportReporter -->
<testsuite skipped="0" hostname="dell" name="demo.TestNGDependencyDemo" tests="3" failures="0" timestamp="05 Jul 2020 00:04:08 GMT" time="0.005" errors="0">
  <testcase name="test3" time="0.001" classname="demo.TestNGDependencyDemo"/>
  <testcase name="test2" time="0.002" classname="demo.TestNGDependencyDemo"/>
  <testcase name="test1" time="0.002" classname="demo.TestNGDependencyDemo"/>
</testsuite> <!-- demo.TestNGDependencyDemo -->
